#! /usr/bin/vvp
:ivl_version "10.1 (stable)";
:ivl_delay_selection "TYPICAL";
:vpi_time_precision - 12;
:vpi_module "system";
:vpi_module "vhdl_sys";
:vpi_module "v2005_math";
:vpi_module "va_math";
S_0x55925b9061a0 .scope module, "top_tb" "top_tb" 2 11;
 .timescale -9 -12;
v0x55925b943f60_0 .var "address", 3 0;
v0x55925b944070_0 .var "clock", 0 0;
v0x55925b944140_0 .var "length", 3 0;
v0x55925b944240_0 .var "rd", 0 0;
v0x55925b944310_0 .net "rdata", 31 0, L_0x55925b9572f0;  1 drivers
v0x55925b9443b0_0 .var "rddatavalid", 0 0;
v0x55925b944480_0 .var "ready", 0 0;
v0x55925b944550_0 .var "reset", 0 0;
v0x55925b944620_0 .var "wdata", 31 0;
v0x55925b9446f0_0 .var "wr", 0 0;
E_0x55925b8e0ea0 .event posedge, v0x55925b943610_0;
S_0x55925b9070e0 .scope module, "uut" "Top" 2 77, 3 393 0, S_0x55925b9061a0;
 .timescale 0 0;
    .port_info 0 /INPUT 1 "clock"
    .port_info 1 /INPUT 1 "reset"
    .port_info 2 /INPUT 1 "io_top_wr"
    .port_info 3 /INPUT 1 "io_top_rd"
    .port_info 4 /INPUT 4 "io_top_address"
    .port_info 5 /INPUT 32 "io_top_wdata"
    .port_info 6 /OUTPUT 32 "io_top_rdata"
    .port_info 7 /INPUT 4 "io_top_length"
    .port_info 8 /INPUT 1 "io_top_ready"
    .port_info 9 /INPUT 1 "io_top_rddatavalid"
L_0x55925b9572f0 .functor BUFZ 32, L_0x55925b955b50, C4<00000000000000000000000000000000>, C4<00000000000000000000000000000000>, C4<00000000000000000000000000000000>;
L_0x55925b9573b0 .functor BUFZ 1, v0x55925b944070_0, C4<0>, C4<0>, C4<0>;
L_0x55925b9574c0 .functor BUFZ 1, v0x55925b944550_0, C4<0>, C4<0>, C4<0>;
L_0x55925b9575d0 .functor BUFZ 1, v0x55925b9446f0_0, C4<0>, C4<0>, C4<0>;
L_0x55925b9576e0 .functor BUFZ 1, v0x55925b944240_0, C4<0>, C4<0>, C4<0>;
L_0x55925b9577f0 .functor BUFZ 4, v0x55925b943f60_0, C4<0000>, C4<0000>, C4<0000>;
L_0x55925b957940 .functor BUFZ 32, v0x55925b944620_0, C4<00000000000000000000000000000000>, C4<00000000000000000000000000000000>, C4<00000000000000000000000000000000>;
L_0x55925b957a50 .functor BUFZ 4, v0x55925b944140_0, C4<0000>, C4<0000>, C4<0000>;
L_0x55925b957b60 .functor BUFZ 32, L_0x55925b956ff0, C4<00000000000000000000000000000000>, C4<00000000000000000000000000000000>, C4<00000000000000000000000000000000>;
L_0x55925b957c60 .functor BUFZ 1, L_0x55925b957130, C4<0>, C4<0>, C4<0>;
L_0x55925b957e50 .functor BUFZ 1, L_0x55925b9571f0, C4<0>, C4<0>, C4<0>;
L_0x55925b957f50 .functor BUFZ 1, v0x55925b944070_0, C4<0>, C4<0>, C4<0>;
L_0x55925b958030 .functor BUFZ 1, L_0x55925b955da0, C4<0>, C4<0>, C4<0>;
L_0x55925b9580a0 .functor BUFZ 1, L_0x55925b955eb0, C4<0>, C4<0>, C4<0>;
L_0x55925b957fc0 .functor BUFZ 4, L_0x55925b956000, C4<0000>, C4<0000>, C4<0000>;
L_0x55925b9582b0 .functor BUFZ 32, v0x55925b941bf0_0, C4<00000000000000000000000000000000>, C4<00000000000000000000000000000000>, C4<00000000000000000000000000000000>;
L_0x55925b9583b0 .functor BUFZ 1, v0x55925b944480_0, C4<0>, C4<0>, C4<0>;
L_0x55925b958420 .functor BUFZ 1, v0x55925b9443b0_0, C4<0>, C4<0>, C4<0>;
v0x55925b942290_0 .net "Rx_clock", 0 0, L_0x55925b957f50;  1 drivers
v0x55925b942350_0 .net "Rx_io_ADD", 3 0, L_0x55925b957fc0;  1 drivers
v0x55925b9423f0_0 .net "Rx_io_RD", 0 0, L_0x55925b9580a0;  1 drivers
v0x55925b942490_0 .net "Rx_io_RDATA", 31 0, L_0x55925b956ff0;  1 drivers
v0x55925b942530_0 .net "Rx_io_RDDATAVALID", 0 0, L_0x55925b9571f0;  1 drivers
v0x55925b9425d0_0 .net "Rx_io_READY", 0 0, L_0x55925b957130;  1 drivers
v0x55925b9426a0_0 .net "Rx_io_TOP_RDDATAVALID", 0 0, L_0x55925b958420;  1 drivers
v0x55925b942770_0 .net "Rx_io_TOP_READY", 0 0, L_0x55925b9583b0;  1 drivers
v0x55925b942840_0 .net "Rx_io_WDATA", 31 0, L_0x55925b9582b0;  1 drivers
v0x55925b942910_0 .net "Rx_io_WR", 0 0, L_0x55925b958030;  1 drivers
v0x55925b9429e0_0 .net "Tx_clock", 0 0, L_0x55925b9573b0;  1 drivers
v0x55925b942ab0_0 .net "Tx_io_ADDRESS", 3 0, L_0x55925b956000;  1 drivers
v0x55925b942b80_0 .net "Tx_io_RD", 0 0, L_0x55925b955eb0;  1 drivers
v0x55925b942c50_0 .net "Tx_io_RDATA", 31 0, L_0x55925b957b60;  1 drivers
v0x55925b942d20_0 .net "Tx_io_RX_RDDATAVALID", 0 0, L_0x55925b957e50;  1 drivers
v0x55925b942df0_0 .net "Tx_io_RX_READY", 0 0, L_0x55925b957c60;  1 drivers
v0x55925b942ec0_0 .net "Tx_io_TOP_ADDRESS", 3 0, L_0x55925b9577f0;  1 drivers
v0x55925b942f90_0 .net "Tx_io_TOP_LENGTH", 3 0, L_0x55925b957a50;  1 drivers
v0x55925b943060_0 .net "Tx_io_TOP_RD", 0 0, L_0x55925b9576e0;  1 drivers
v0x55925b943130_0 .net "Tx_io_TOP_RDATA", 31 0, L_0x55925b955b50;  1 drivers
v0x55925b943200_0 .net "Tx_io_TOP_WDATA", 31 0, L_0x55925b957940;  1 drivers
v0x55925b9432d0_0 .net "Tx_io_TOP_WR", 0 0, L_0x55925b9575d0;  1 drivers
v0x55925b9433a0_0 .net "Tx_io_WDATA", 31 0, v0x55925b941bf0_0;  1 drivers
v0x55925b943470_0 .net "Tx_io_WR", 0 0, L_0x55925b955da0;  1 drivers
v0x55925b943540_0 .net "Tx_reset", 0 0, L_0x55925b9574c0;  1 drivers
v0x55925b943610_0 .net "clock", 0 0, v0x55925b944070_0;  1 drivers
v0x55925b9436b0_0 .net "io_top_address", 3 0, v0x55925b943f60_0;  1 drivers
v0x55925b943750_0 .net "io_top_length", 3 0, v0x55925b944140_0;  1 drivers
v0x55925b9437f0_0 .net "io_top_rd", 0 0, v0x55925b944240_0;  1 drivers
v0x55925b943890_0 .net "io_top_rdata", 31 0, L_0x55925b9572f0;  alias, 1 drivers
v0x55925b943930_0 .net "io_top_rddatavalid", 0 0, v0x55925b9443b0_0;  1 drivers
v0x55925b9439d0_0 .net "io_top_ready", 0 0, v0x55925b944480_0;  1 drivers
v0x55925b943a70_0 .net "io_top_wdata", 31 0, v0x55925b944620_0;  1 drivers
v0x55925b943d20_0 .net "io_top_wr", 0 0, v0x55925b9446f0_0;  1 drivers
v0x55925b943dc0_0 .net "reset", 0 0, v0x55925b944550_0;  1 drivers
S_0x55925b908610 .scope module, "Rx" "Receiver" 3 447, 3 285 0, S_0x55925b9070e0;
 .timescale 0 0;
    .port_info 0 /INPUT 1 "clock"
    .port_info 1 /INPUT 1 "io_WR"
    .port_info 2 /INPUT 1 "io_RD"
    .port_info 3 /INPUT 4 "io_ADD"
    .port_info 4 /INPUT 32 "io_WDATA"
    .port_info 5 /OUTPUT 32 "io_RDATA"
    .port_info 6 /INPUT 1 "io_TOP_READY"
    .port_info 7 /INPUT 1 "io_TOP_RDDATAVALID"
    .port_info 8 /OUTPUT 1 "io_READY"
    .port_info 9 /OUTPUT 1 "io_RDDATAVALID"
L_0x55925b956220 .functor OR 1, L_0x55925b957130, L_0x55925b9571f0, C4<0>, C4<0>;
L_0x55925b956330 .functor AND 1, L_0x55925b956220, L_0x55925b958030, C4<1>, C4<1>;
L_0x55925b956bb0 .functor BUFZ 32, L_0x55925b956940, C4<00000000000000000000000000000000>, C4<00000000000000000000000000000000>, C4<00000000000000000000000000000000>;
L_0x55925b956ef0 .functor AND 1, L_0x55925b956220, L_0x55925b956330, C4<1>, C4<1>;
L_0x55925b957130 .functor BUFZ 1, L_0x55925b9583b0, C4<0>, C4<0>, C4<0>;
L_0x55925b9571f0 .functor BUFZ 1, L_0x55925b958420, C4<0>, C4<0>, C4<0>;
v0x55925b921920_0 .net "_GEN_12", 0 0, L_0x55925b956580;  1 drivers
v0x55925b9221d0_0 .net "_GEN_13", 31 0, L_0x55925b9566c0;  1 drivers
v0x55925b922900_0 .net "_GEN_3", 31 0, L_0x55925b956440;  1 drivers
v0x55925b93d790_0 .net "_T_4", 0 0, L_0x55925b956220;  1 drivers
L_0x7f36eb5613c0 .functor BUFT 1, C4<00000000000000000000000000000000>, C4<0>, C4<0>, C4<0>;
v0x55925b93d850_0 .net/2u *"_s12", 31 0, L_0x7f36eb5613c0;  1 drivers
L_0x7f36eb561408 .functor BUFT 1, C4<0000>, C4<0>, C4<0>, C4<0>;
v0x55925b93d980_0 .net/2u *"_s16", 3 0, L_0x7f36eb561408;  1 drivers
v0x55925b93da60_0 .net *"_s20", 31 0, L_0x55925b956940;  1 drivers
v0x55925b93db40_0 .net *"_s22", 4 0, L_0x55925b9569e0;  1 drivers
L_0x7f36eb561450 .functor BUFT 1, C4<0>, C4<0>, C4<0>, C4<0>;
v0x55925b93dc20_0 .net *"_s25", 0 0, L_0x7f36eb561450;  1 drivers
L_0x7f36eb5615b8 .functor BUFT 1, C4<00000000000000000000000000000000>, C4<0>, C4<0>, C4<0>;
v0x55925b93dd00_0 .net/2u *"_s36", 31 0, L_0x7f36eb5615b8;  1 drivers
L_0x7f36eb561330 .functor BUFT 1, C4<00000000000000000000000000000000>, C4<0>, C4<0>, C4<0>;
v0x55925b93dde0_0 .net/2u *"_s4", 31 0, L_0x7f36eb561330;  1 drivers
L_0x7f36eb561600 .functor BUFT 1, C4<0000>, C4<0>, C4<0>, C4<0>;
v0x55925b93dec0_0 .net/2u *"_s40", 3 0, L_0x7f36eb561600;  1 drivers
L_0x7f36eb561690 .functor BUFT 1, C4<00000000000000000000000000000000>, C4<0>, C4<0>, C4<0>;
v0x55925b93dfa0_0 .net/2u *"_s48", 31 0, L_0x7f36eb561690;  1 drivers
L_0x7f36eb561378 .functor BUFT 1, C4<0>, C4<0>, C4<0>, C4<0>;
v0x55925b93e080_0 .net/2u *"_s8", 0 0, L_0x7f36eb561378;  1 drivers
v0x55925b93e160_0 .net "clock", 0 0, L_0x55925b957f50;  alias, 1 drivers
v0x55925b93e220_0 .net "io_ADD", 3 0, L_0x55925b957fc0;  alias, 1 drivers
v0x55925b93e300_0 .net "io_RD", 0 0, L_0x55925b9580a0;  alias, 1 drivers
v0x55925b93e3c0_0 .net "io_RDATA", 31 0, L_0x55925b956ff0;  alias, 1 drivers
v0x55925b93e4a0_0 .net "io_RDDATAVALID", 0 0, L_0x55925b9571f0;  alias, 1 drivers
v0x55925b93e560_0 .net "io_READY", 0 0, L_0x55925b957130;  alias, 1 drivers
v0x55925b93e620_0 .net "io_TOP_RDDATAVALID", 0 0, L_0x55925b958420;  alias, 1 drivers
v0x55925b93e6e0_0 .net "io_TOP_READY", 0 0, L_0x55925b9583b0;  alias, 1 drivers
v0x55925b93e7a0_0 .net "io_WDATA", 31 0, L_0x55925b9582b0;  alias, 1 drivers
v0x55925b93e880_0 .net "io_WR", 0 0, L_0x55925b958030;  alias, 1 drivers
v0x55925b93e940_0 .net "r_wr", 0 0, L_0x55925b956330;  1 drivers
v0x55925b93ea00 .array "rf", 9 0, 31 0;
v0x55925b93eac0_0 .net "rf__T_7_addr", 3 0, L_0x55925b956db0;  1 drivers
v0x55925b93eba0_0 .net "rf__T_7_data", 31 0, L_0x55925b956cc0;  1 drivers
v0x55925b93ec80_0 .net "rf__T_7_en", 0 0, L_0x55925b956ef0;  1 drivers
L_0x7f36eb561648 .functor BUFT 1, C4<1>, C4<0>, C4<0>, C4<0>;
v0x55925b93ed40_0 .net "rf__T_7_mask", 0 0, L_0x7f36eb561648;  1 drivers
v0x55925b93ee00_0 .net "rf__T_9_addr", 3 0, L_0x55925b956800;  1 drivers
v0x55925b93eee0_0 .net "rf__T_9_data", 31 0, L_0x55925b956bb0;  1 drivers
L_0x7f36eb5614e0 .functor BUFT 1, C4<0100>, C4<0>, C4<0>, C4<0>;
v0x55925b93efc0_0 .net "rf__T_addr", 3 0, L_0x7f36eb5614e0;  1 drivers
L_0x7f36eb561498 .functor BUFT 1, C4<00000000000000000000000000000010>, C4<0>, C4<0>, C4<0>;
v0x55925b93f0a0_0 .net "rf__T_data", 31 0, L_0x7f36eb561498;  1 drivers
L_0x7f36eb561570 .functor BUFT 1, C4<1>, C4<0>, C4<0>, C4<0>;
v0x55925b93f180_0 .net "rf__T_en", 0 0, L_0x7f36eb561570;  1 drivers
L_0x7f36eb561528 .functor BUFT 1, C4<1>, C4<0>, C4<0>, C4<0>;
v0x55925b93f240_0 .net "rf__T_mask", 0 0, L_0x7f36eb561528;  1 drivers
E_0x55925b8e1770 .event posedge, v0x55925b93e160_0;
L_0x55925b956440 .functor MUXZ 32, L_0x7f36eb561330, L_0x55925b956bb0, L_0x55925b9580a0, C4<>;
L_0x55925b956580 .functor MUXZ 1, L_0x55925b9580a0, L_0x7f36eb561378, L_0x55925b956330, C4<>;
L_0x55925b9566c0 .functor MUXZ 32, L_0x55925b956440, L_0x7f36eb5613c0, L_0x55925b956330, C4<>;
L_0x55925b956800 .functor MUXZ 4, L_0x7f36eb561408, L_0x55925b957fc0, L_0x55925b956220, C4<>;
L_0x55925b956940 .array/port v0x55925b93ea00, L_0x55925b9569e0;
L_0x55925b9569e0 .concat [ 4 1 0 0], L_0x55925b956800, L_0x7f36eb561450;
L_0x55925b956cc0 .functor MUXZ 32, L_0x7f36eb5615b8, L_0x55925b9582b0, L_0x55925b956220, C4<>;
L_0x55925b956db0 .functor MUXZ 4, L_0x7f36eb561600, L_0x55925b957fc0, L_0x55925b956220, C4<>;
L_0x55925b956ff0 .functor MUXZ 32, L_0x7f36eb561690, L_0x55925b9566c0, L_0x55925b956220, C4<>;
S_0x55925b908df0 .scope module, "Tx" "Transmitter" 3 430, 3 1 0, S_0x55925b9070e0;
 .timescale 0 0;
    .port_info 0 /INPUT 1 "clock"
    .port_info 1 /INPUT 1 "reset"
    .port_info 2 /INPUT 1 "io_TOP_WR"
    .port_info 3 /INPUT 1 "io_TOP_RD"
    .port_info 4 /INPUT 4 "io_TOP_ADDRESS"
    .port_info 5 /INPUT 32 "io_TOP_WDATA"
    .port_info 6 /OUTPUT 32 "io_TOP_RDATA"
    .port_info 7 /INPUT 4 "io_TOP_LENGTH"
    .port_info 8 /OUTPUT 1 "io_WR"
    .port_info 9 /OUTPUT 1 "io_RD"
    .port_info 10 /OUTPUT 4 "io_ADDRESS"
    .port_info 11 /OUTPUT 32 "io_WDATA"
    .port_info 12 /INPUT 32 "io_RDATA"
    .port_info 13 /INPUT 1 "io_RX_READY"
    .port_info 14 /INPUT 1 "io_RX_RDDATAVALID"
L_0x55925b9447c0 .functor AND 1, v0x55925b941d90_0, L_0x55925b957e50, C4<1>, C4<1>;
L_0x55925b944c00 .functor OR 1, L_0x55925b957c60, v0x55925b941d90_0, C4<0>, C4<0>;
L_0x55925b955450 .functor AND 1, L_0x55925b9552c0, v0x55925b941cd0_0, C4<1>, C4<1>;
L_0x55925b955760 .functor AND 1, L_0x55925b9552c0, v0x55925b941a50_0, C4<1>, C4<1>;
L_0x55925b955da0 .functor BUFZ 1, v0x55925b941cd0_0, C4<0>, C4<0>, C4<0>;
L_0x55925b955eb0 .functor BUFZ 1, v0x55925b941a50_0, C4<0>, C4<0>, C4<0>;
L_0x55925b956000 .functor BUFZ 4, v0x55925b941890_0, C4<0000>, C4<0000>, C4<0000>;
v0x55925b93f5f0_0 .net "_GEN_17", 0 0, L_0x55925b944c00;  1 drivers
v0x55925b93f6d0_0 .net "_GEN_48", 31 0, L_0x55925b954fb0;  1 drivers
v0x55925b93f7b0_0 .net "_GEN_55", 0 0, L_0x55925b955450;  1 drivers
v0x55925b93f850_0 .net "_GEN_56", 0 0, L_0x55925b955760;  1 drivers
v0x55925b93f910_0 .net "_GEN_60", 31 0, L_0x55925b955860;  1 drivers
v0x55925b93fa40_0 .net "_GEN_68", 31 0, L_0x55925b955990;  1 drivers
v0x55925b93fb20_0 .net "_T_12", 0 0, L_0x55925b944d40;  1 drivers
v0x55925b93fbe0_0 .net "_T_25", 0 0, L_0x55925b955140;  1 drivers
v0x55925b93fca0_0 .net "_T_27", 0 0, L_0x55925b9552c0;  1 drivers
v0x55925b93fd60_0 .net "_T_29", 3 0, L_0x55925b9553b0;  1 drivers
v0x55925b93fe40_0 .net "_T_3", 0 0, L_0x55925b944890;  1 drivers
v0x55925b93ff00_0 .net "_T_31", 3 0, L_0x55925b9555f0;  1 drivers
v0x55925b93ffe0_0 .net "_T_5", 0 0, L_0x55925b9449e0;  1 drivers
v0x55925b9400a0_0 .net "_T_8", 2 0, L_0x55925b944b60;  1 drivers
L_0x7f36eb5610a8 .functor BUFT 1, C4<001>, C4<0>, C4<0>, C4<0>;
v0x55925b940180_0 .net/2u *"_s10", 2 0, L_0x7f36eb5610a8;  1 drivers
L_0x7f36eb5610f0 .functor BUFT 1, C4<0001>, C4<0>, C4<0>, C4<0>;
v0x55925b940260_0 .net/2u *"_s14", 3 0, L_0x7f36eb5610f0;  1 drivers
L_0x7f36eb561018 .functor BUFT 1, C4<00>, C4<0>, C4<0>, C4<0>;
v0x55925b940340_0 .net/2u *"_s2", 1 0, L_0x7f36eb561018;  1 drivers
L_0x7f36eb561138 .functor BUFT 1, C4<00000000000000000000000000000000>, C4<0>, C4<0>, C4<0>;
v0x55925b940420_0 .net/2u *"_s20", 31 0, L_0x7f36eb561138;  1 drivers
L_0x7f36eb561180 .functor BUFT 1, C4<01>, C4<0>, C4<0>, C4<0>;
v0x55925b940500_0 .net/2u *"_s24", 1 0, L_0x7f36eb561180;  1 drivers
L_0x7f36eb5611c8 .functor BUFT 1, C4<0001>, C4<0>, C4<0>, C4<0>;
v0x55925b9405e0_0 .net/2u *"_s28", 3 0, L_0x7f36eb5611c8;  1 drivers
L_0x7f36eb561210 .functor BUFT 1, C4<0001>, C4<0>, C4<0>, C4<0>;
v0x55925b9406c0_0 .net/2u *"_s32", 3 0, L_0x7f36eb561210;  1 drivers
L_0x7f36eb561258 .functor BUFT 1, C4<0001>, C4<0>, C4<0>, C4<0>;
v0x55925b9407a0_0 .net/2u *"_s36", 3 0, L_0x7f36eb561258;  1 drivers
L_0x7f36eb5612a0 .functor BUFT 1, C4<00000000000000000000000000000000>, C4<0>, C4<0>, C4<0>;
v0x55925b940880_0 .net/2u *"_s44", 31 0, L_0x7f36eb5612a0;  1 drivers
L_0x7f36eb5612e8 .functor BUFT 1, C4<00000000000000000000000000000000>, C4<0>, C4<0>, C4<0>;
v0x55925b940960_0 .net/2u *"_s48", 31 0, L_0x7f36eb5612e8;  1 drivers
L_0x7f36eb561060 .functor BUFT 1, C4<000>, C4<0>, C4<0>, C4<0>;
v0x55925b940a40_0 .net/2u *"_s6", 2 0, L_0x7f36eb561060;  1 drivers
v0x55925b940b20_0 .net "clock", 0 0, L_0x55925b9573b0;  alias, 1 drivers
v0x55925b940be0_0 .net "io_ADDRESS", 3 0, L_0x55925b956000;  alias, 1 drivers
v0x55925b940cc0_0 .net "io_RD", 0 0, L_0x55925b955eb0;  alias, 1 drivers
v0x55925b940d80_0 .net "io_RDATA", 31 0, L_0x55925b957b60;  alias, 1 drivers
v0x55925b940e60_0 .net "io_RX_RDDATAVALID", 0 0, L_0x55925b957e50;  alias, 1 drivers
v0x55925b940f20_0 .net "io_RX_READY", 0 0, L_0x55925b957c60;  alias, 1 drivers
v0x55925b940fe0_0 .net "io_TOP_ADDRESS", 3 0, L_0x55925b9577f0;  alias, 1 drivers
v0x55925b9410c0_0 .net "io_TOP_LENGTH", 3 0, L_0x55925b957a50;  alias, 1 drivers
v0x55925b9413b0_0 .net "io_TOP_RD", 0 0, L_0x55925b9576e0;  alias, 1 drivers
v0x55925b941470_0 .net "io_TOP_RDATA", 31 0, L_0x55925b955b50;  alias, 1 drivers
v0x55925b941550_0 .net "io_TOP_WDATA", 31 0, L_0x55925b957940;  alias, 1 drivers
v0x55925b941630_0 .net "io_TOP_WR", 0 0, L_0x55925b9575d0;  alias, 1 drivers
v0x55925b9416f0_0 .net "io_WDATA", 31 0, v0x55925b941bf0_0;  alias, 1 drivers
v0x55925b9417d0_0 .net "io_WR", 0 0, L_0x55925b955da0;  alias, 1 drivers
v0x55925b941890_0 .var "r_address", 3 0;
v0x55925b941970_0 .var "r_len", 3 0;
v0x55925b941a50_0 .var "r_rd", 0 0;
v0x55925b941b10_0 .var "r_transaction_cnt", 2 0;
v0x55925b941bf0_0 .var "r_wdata", 31 0;
v0x55925b941cd0_0 .var "r_wr", 0 0;
v0x55925b941d90_0 .var "read_wait", 0 0;
v0x55925b941e50_0 .net "read_write", 0 0, L_0x55925b9447c0;  1 drivers
v0x55925b941f10_0 .net "reset", 0 0, L_0x55925b9574c0;  alias, 1 drivers
v0x55925b941fd0_0 .var "state", 1 0;
E_0x55925b8e1480 .event posedge, v0x55925b940b20_0;
L_0x55925b944890 .cmp/eq 2, L_0x7f36eb561018, v0x55925b941fd0_0;
L_0x55925b9449e0 .cmp/eq 3, v0x55925b941b10_0, L_0x7f36eb561060;
L_0x55925b944b60 .arith/sum 3, v0x55925b941b10_0, L_0x7f36eb5610a8;
L_0x55925b944d40 .cmp/gt 4, L_0x55925b957a50, L_0x7f36eb5610f0;
L_0x55925b954fb0 .functor MUXZ 32, L_0x7f36eb561138, L_0x55925b957b60, L_0x55925b9447c0, C4<>;
L_0x55925b955140 .cmp/eq 2, L_0x7f36eb561180, v0x55925b941fd0_0;
L_0x55925b9552c0 .cmp/gt 4, v0x55925b941970_0, L_0x7f36eb5611c8;
L_0x55925b9553b0 .arith/sum 4, v0x55925b941890_0, L_0x7f36eb561210;
L_0x55925b9555f0 .arith/sub 4, v0x55925b941970_0, L_0x7f36eb561258;
L_0x55925b955860 .functor MUXZ 32, L_0x7f36eb5612a0, L_0x55925b957b60, L_0x55925b957c60, C4<>;
L_0x55925b955990 .functor MUXZ 32, L_0x7f36eb5612e8, L_0x55925b955860, L_0x55925b955140, C4<>;
L_0x55925b955b50 .functor MUXZ 32, L_0x55925b955990, L_0x55925b954fb0, L_0x55925b944890, C4<>;
    .scope S_0x55925b908df0;
T_0 ;
    %end;
    .thread T_0;
    .scope S_0x55925b908df0;
T_1 ;
    %wait E_0x55925b8e1480;
    %load/vec4 v0x55925b941f10_0;
    %flag_set/vec4 8;
    %jmp/0xz  T_1.0, 8;
    %pushi/vec4 0, 0, 4;
    %assign/vec4 v0x55925b941970_0, 0;
    %jmp T_1.1;
T_1.0 ;
    %load/vec4 v0x55925b93fe40_0;
    %flag_set/vec4 8;
    %jmp/0xz  T_1.2, 8;
    %load/vec4 v0x55925b941630_0;
    %flag_set/vec4 8;
    %jmp/0xz  T_1.4, 8;
    %load/vec4 v0x55925b93ffe0_0;
    %flag_set/vec4 8;
    %jmp/0xz  T_1.6, 8;
    %load/vec4 v0x55925b9410c0_0;
    %assign/vec4 v0x55925b941970_0, 0;
T_1.6 ;
    %jmp T_1.5;
T_1.4 ;
    %load/vec4 v0x55925b9413b0_0;
    %flag_set/vec4 8;
    %jmp/0xz  T_1.8, 8;
    %load/vec4 v0x55925b93ffe0_0;
    %flag_set/vec4 8;
    %jmp/0xz  T_1.10, 8;
    %load/vec4 v0x55925b9410c0_0;
    %assign/vec4 v0x55925b941970_0, 0;
T_1.10 ;
T_1.8 ;
T_1.5 ;
    %jmp T_1.3;
T_1.2 ;
    %load/vec4 v0x55925b93fbe0_0;
    %flag_set/vec4 8;
    %jmp/0xz  T_1.12, 8;
    %load/vec4 v0x55925b940f20_0;
    %flag_set/vec4 8;
    %jmp/0xz  T_1.14, 8;
    %load/vec4 v0x55925b93fca0_0;
    %flag_set/vec4 8;
    %jmp/0xz  T_1.16, 8;
    %load/vec4 v0x55925b93ff00_0;
    %assign/vec4 v0x55925b941970_0, 0;
    %jmp T_1.17;
T_1.16 ;
    %pushi/vec4 0, 0, 4;
    %assign/vec4 v0x55925b941970_0, 0;
T_1.17 ;
T_1.14 ;
T_1.12 ;
T_1.3 ;
T_1.1 ;
    %load/vec4 v0x55925b941f10_0;
    %flag_set/vec4 8;
    %jmp/0xz  T_1.18, 8;
    %pushi/vec4 0, 0, 4;
    %assign/vec4 v0x55925b941890_0, 0;
    %jmp T_1.19;
T_1.18 ;
    %load/vec4 v0x55925b93fe40_0;
    %flag_set/vec4 8;
    %jmp/0xz  T_1.20, 8;
    %load/vec4 v0x55925b941630_0;
    %flag_set/vec4 8;
    %jmp/0xz  T_1.22, 8;
    %load/vec4 v0x55925b93ffe0_0;
    %flag_set/vec4 8;
    %jmp/0xz  T_1.24, 8;
    %load/vec4 v0x55925b940fe0_0;
    %assign/vec4 v0x55925b941890_0, 0;
T_1.24 ;
    %jmp T_1.23;
T_1.22 ;
    %load/vec4 v0x55925b9413b0_0;
    %flag_set/vec4 8;
    %jmp/0xz  T_1.26, 8;
    %load/vec4 v0x55925b93ffe0_0;
    %flag_set/vec4 8;
    %jmp/0xz  T_1.28, 8;
    %load/vec4 v0x55925b940fe0_0;
    %assign/vec4 v0x55925b941890_0, 0;
T_1.28 ;
T_1.26 ;
T_1.23 ;
    %jmp T_1.21;
T_1.20 ;
    %load/vec4 v0x55925b93fbe0_0;
    %flag_set/vec4 8;
    %jmp/0xz  T_1.30, 8;
    %load/vec4 v0x55925b940f20_0;
    %flag_set/vec4 8;
    %jmp/0xz  T_1.32, 8;
    %load/vec4 v0x55925b93fca0_0;
    %flag_set/vec4 8;
    %jmp/0xz  T_1.34, 8;
    %load/vec4 v0x55925b93fd60_0;
    %assign/vec4 v0x55925b941890_0, 0;
    %jmp T_1.35;
T_1.34 ;
    %pushi/vec4 0, 0, 4;
    %assign/vec4 v0x55925b941890_0, 0;
T_1.35 ;
T_1.32 ;
T_1.30 ;
T_1.21 ;
T_1.19 ;
    %load/vec4 v0x55925b941f10_0;
    %flag_set/vec4 8;
    %jmp/0xz  T_1.36, 8;
    %pushi/vec4 0, 0, 32;
    %assign/vec4 v0x55925b941bf0_0, 0;
    %jmp T_1.37;
T_1.36 ;
    %load/vec4 v0x55925b93fe40_0;
    %flag_set/vec4 8;
    %jmp/0xz  T_1.38, 8;
    %load/vec4 v0x55925b941630_0;
    %flag_set/vec4 8;
    %jmp/0xz  T_1.40, 8;
    %load/vec4 v0x55925b93ffe0_0;
    %flag_set/vec4 8;
    %jmp/0xz  T_1.42, 8;
    %load/vec4 v0x55925b941550_0;
    %assign/vec4 v0x55925b941bf0_0, 0;
T_1.42 ;
T_1.40 ;
    %jmp T_1.39;
T_1.38 ;
    %load/vec4 v0x55925b93fbe0_0;
    %flag_set/vec4 8;
    %jmp/0xz  T_1.44, 8;
    %load/vec4 v0x55925b940f20_0;
    %flag_set/vec4 8;
    %jmp/0xz  T_1.46, 8;
    %load/vec4 v0x55925b93fca0_0;
    %flag_set/vec4 8;
    %jmp/0xz  T_1.48, 8;
    %load/vec4 v0x55925b941550_0;
    %assign/vec4 v0x55925b941bf0_0, 0;
    %jmp T_1.49;
T_1.48 ;
    %pushi/vec4 0, 0, 32;
    %assign/vec4 v0x55925b941bf0_0, 0;
T_1.49 ;
T_1.46 ;
T_1.44 ;
T_1.39 ;
T_1.37 ;
    %load/vec4 v0x55925b941f10_0;
    %flag_set/vec4 8;
    %jmp/0xz  T_1.50, 8;
    %pushi/vec4 0, 0, 1;
    %assign/vec4 v0x55925b941cd0_0, 0;
    %jmp T_1.51;
T_1.50 ;
    %load/vec4 v0x55925b93fe40_0;
    %flag_set/vec4 8;
    %jmp/0xz  T_1.52, 8;
    %load/vec4 v0x55925b941630_0;
    %flag_set/vec4 8;
    %jmp/0xz  T_1.54, 8;
    %load/vec4 v0x55925b93fb20_0;
    %flag_set/vec4 8;
    %jmp/0xz  T_1.56, 8;
    %load/vec4 v0x55925b941630_0;
    %assign/vec4 v0x55925b941cd0_0, 0;
    %jmp T_1.57;
T_1.56 ;
    %load/vec4 v0x55925b93ffe0_0;
    %flag_set/vec4 8;
    %jmp/0xz  T_1.58, 8;
    %load/vec4 v0x55925b941630_0;
    %assign/vec4 v0x55925b941cd0_0, 0;
T_1.58 ;
T_1.57 ;
    %jmp T_1.55;
T_1.54 ;
    %load/vec4 v0x55925b9413b0_0;
    %flag_set/vec4 8;
    %jmp/0xz  T_1.60, 8;
    %load/vec4 v0x55925b93fb20_0;
    %flag_set/vec4 8;
    %jmp/0xz  T_1.62, 8;
    %load/vec4 v0x55925b941630_0;
    %assign/vec4 v0x55925b941cd0_0, 0;
    %jmp T_1.63;
T_1.62 ;
    %load/vec4 v0x55925b93ffe0_0;
    %flag_set/vec4 8;
    %jmp/0xz  T_1.64, 8;
    %load/vec4 v0x55925b941630_0;
    %assign/vec4 v0x55925b941cd0_0, 0;
T_1.64 ;
T_1.63 ;
T_1.60 ;
T_1.55 ;
    %jmp T_1.53;
T_1.52 ;
    %load/vec4 v0x55925b93fbe0_0;
    %flag_set/vec4 8;
    %jmp/0xz  T_1.66, 8;
    %load/vec4 v0x55925b940f20_0;
    %flag_set/vec4 8;
    %jmp/0xz  T_1.68, 8;
    %load/vec4 v0x55925b93f7b0_0;
    %assign/vec4 v0x55925b941cd0_0, 0;
T_1.68 ;
T_1.66 ;
T_1.53 ;
T_1.51 ;
    %load/vec4 v0x55925b941f10_0;
    %flag_set/vec4 8;
    %jmp/0xz  T_1.70, 8;
    %pushi/vec4 0, 0, 1;
    %assign/vec4 v0x55925b941a50_0, 0;
    %jmp T_1.71;
T_1.70 ;
    %load/vec4 v0x55925b93fe40_0;
    %flag_set/vec4 8;
    %jmp/0xz  T_1.72, 8;
    %load/vec4 v0x55925b941630_0;
    %flag_set/vec4 8;
    %jmp/0xz  T_1.74, 8;
    %load/vec4 v0x55925b93fb20_0;
    %flag_set/vec4 8;
    %jmp/0xz  T_1.76, 8;
    %load/vec4 v0x55925b9413b0_0;
    %assign/vec4 v0x55925b941a50_0, 0;
    %jmp T_1.77;
T_1.76 ;
    %load/vec4 v0x55925b93ffe0_0;
    %flag_set/vec4 8;
    %jmp/0xz  T_1.78, 8;
    %load/vec4 v0x55925b9413b0_0;
    %assign/vec4 v0x55925b941a50_0, 0;
T_1.78 ;
T_1.77 ;
    %jmp T_1.75;
T_1.74 ;
    %load/vec4 v0x55925b9413b0_0;
    %flag_set/vec4 8;
    %jmp/0xz  T_1.80, 8;
    %load/vec4 v0x55925b93fb20_0;
    %flag_set/vec4 8;
    %jmp/0xz  T_1.82, 8;
    %load/vec4 v0x55925b9413b0_0;
    %assign/vec4 v0x55925b941a50_0, 0;
    %jmp T_1.83;
T_1.82 ;
    %load/vec4 v0x55925b93ffe0_0;
    %flag_set/vec4 8;
    %jmp/0xz  T_1.84, 8;
    %load/vec4 v0x55925b9413b0_0;
    %assign/vec4 v0x55925b941a50_0, 0;
T_1.84 ;
T_1.83 ;
T_1.80 ;
T_1.75 ;
    %jmp T_1.73;
T_1.72 ;
    %load/vec4 v0x55925b93fbe0_0;
    %flag_set/vec4 8;
    %jmp/0xz  T_1.86, 8;
    %load/vec4 v0x55925b940f20_0;
    %flag_set/vec4 8;
    %jmp/0xz  T_1.88, 8;
    %load/vec4 v0x55925b93f850_0;
    %assign/vec4 v0x55925b941a50_0, 0;
T_1.88 ;
T_1.86 ;
T_1.73 ;
T_1.71 ;
    %load/vec4 v0x55925b941f10_0;
    %flag_set/vec4 8;
    %jmp/0xz  T_1.90, 8;
    %pushi/vec4 0, 0, 3;
    %assign/vec4 v0x55925b941b10_0, 0;
    %jmp T_1.91;
T_1.90 ;
    %load/vec4 v0x55925b93fe40_0;
    %flag_set/vec4 8;
    %jmp/0xz  T_1.92, 8;
    %load/vec4 v0x55925b941630_0;
    %flag_set/vec4 8;
    %jmp/0xz  T_1.94, 8;
    %load/vec4 v0x55925b93ffe0_0;
    %flag_set/vec4 8;
    %jmp/0xz  T_1.96, 8;
    %load/vec4 v0x55925b940f20_0;
    %flag_set/vec4 8;
    %jmp/0xz  T_1.98, 8;
    %pushi/vec4 0, 0, 3;
    %assign/vec4 v0x55925b941b10_0, 0;
    %jmp T_1.99;
T_1.98 ;
    %load/vec4 v0x55925b9400a0_0;
    %assign/vec4 v0x55925b941b10_0, 0;
T_1.99 ;
    %jmp T_1.97;
T_1.96 ;
    %load/vec4 v0x55925b940f20_0;
    %flag_set/vec4 8;
    %jmp/0xz  T_1.100, 8;
    %pushi/vec4 0, 0, 3;
    %assign/vec4 v0x55925b941b10_0, 0;
    %jmp T_1.101;
T_1.100 ;
    %load/vec4 v0x55925b9400a0_0;
    %assign/vec4 v0x55925b941b10_0, 0;
T_1.101 ;
T_1.97 ;
    %jmp T_1.95;
T_1.94 ;
    %load/vec4 v0x55925b9413b0_0;
    %flag_set/vec4 8;
    %jmp/0xz  T_1.102, 8;
    %load/vec4 v0x55925b93ffe0_0;
    %flag_set/vec4 8;
    %jmp/0xz  T_1.104, 8;
    %load/vec4 v0x55925b940f20_0;
    %flag_set/vec4 8;
    %jmp/0xz  T_1.106, 8;
    %pushi/vec4 0, 0, 3;
    %assign/vec4 v0x55925b941b10_0, 0;
    %jmp T_1.107;
T_1.106 ;
    %load/vec4 v0x55925b9400a0_0;
    %assign/vec4 v0x55925b941b10_0, 0;
T_1.107 ;
    %jmp T_1.105;
T_1.104 ;
    %load/vec4 v0x55925b940f20_0;
    %nor/r;
    %flag_set/vec4 8;
    %jmp/0xz  T_1.108, 8;
    %load/vec4 v0x55925b9400a0_0;
    %assign/vec4 v0x55925b941b10_0, 0;
T_1.108 ;
T_1.105 ;
T_1.102 ;
T_1.95 ;
    %jmp T_1.93;
T_1.92 ;
    %load/vec4 v0x55925b93fbe0_0;
    %flag_set/vec4 8;
    %jmp/0xz  T_1.110, 8;
    %load/vec4 v0x55925b940f20_0;
    %flag_set/vec4 8;
    %jmp/0xz  T_1.112, 8;
    %pushi/vec4 0, 0, 3;
    %assign/vec4 v0x55925b941b10_0, 0;
    %jmp T_1.113;
T_1.112 ;
    %load/vec4 v0x55925b9400a0_0;
    %assign/vec4 v0x55925b941b10_0, 0;
T_1.113 ;
T_1.110 ;
T_1.93 ;
T_1.91 ;
    %load/vec4 v0x55925b941f10_0;
    %flag_set/vec4 8;
    %jmp/0xz  T_1.114, 8;
    %pushi/vec4 0, 0, 1;
    %assign/vec4 v0x55925b941d90_0, 0;
    %jmp T_1.115;
T_1.114 ;
    %load/vec4 v0x55925b93fe40_0;
    %flag_set/vec4 8;
    %jmp/0xz  T_1.116, 8;
    %load/vec4 v0x55925b941e50_0;
    %flag_set/vec4 8;
    %jmp/0xz  T_1.118, 8;
    %pushi/vec4 0, 0, 1;
    %assign/vec4 v0x55925b941d90_0, 0;
    %jmp T_1.119;
T_1.118 ;
    %load/vec4 v0x55925b941630_0;
    %nor/r;
    %flag_set/vec4 8;
    %jmp/0xz  T_1.120, 8;
    %load/vec4 v0x55925b9413b0_0;
    %flag_set/vec4 8;
    %jmp/0xz  T_1.122, 8;
    %load/vec4 v0x55925b93ffe0_0;
    %flag_set/vec4 8;
    %jmp/0xz  T_1.124, 8;
    %load/vec4 v0x55925b93f5f0_0;
    %assign/vec4 v0x55925b941d90_0, 0;
    %jmp T_1.125;
T_1.124 ;
    %load/vec4 v0x55925b93f5f0_0;
    %assign/vec4 v0x55925b941d90_0, 0;
T_1.125 ;
T_1.122 ;
T_1.120 ;
T_1.119 ;
T_1.116 ;
T_1.115 ;
    %load/vec4 v0x55925b941f10_0;
    %flag_set/vec4 8;
    %jmp/0xz  T_1.126, 8;
    %pushi/vec4 0, 0, 2;
    %assign/vec4 v0x55925b941fd0_0, 0;
    %jmp T_1.127;
T_1.126 ;
    %load/vec4 v0x55925b93fe40_0;
    %flag_set/vec4 8;
    %jmp/0xz  T_1.128, 8;
    %load/vec4 v0x55925b941630_0;
    %flag_set/vec4 8;
    %jmp/0xz  T_1.130, 8;
    %load/vec4 v0x55925b93fb20_0;
    %flag_set/vec4 8;
    %jmp/0xz  T_1.132, 8;
    %pushi/vec4 1, 0, 2;
    %assign/vec4 v0x55925b941fd0_0, 0;
T_1.132 ;
    %jmp T_1.131;
T_1.130 ;
    %load/vec4 v0x55925b9413b0_0;
    %flag_set/vec4 8;
    %jmp/0xz  T_1.134, 8;
    %load/vec4 v0x55925b93fb20_0;
    %flag_set/vec4 8;
    %jmp/0xz  T_1.136, 8;
    %pushi/vec4 1, 0, 2;
    %assign/vec4 v0x55925b941fd0_0, 0;
T_1.136 ;
    %jmp T_1.135;
T_1.134 ;
    %pushi/vec4 0, 0, 2;
    %assign/vec4 v0x55925b941fd0_0, 0;
T_1.135 ;
T_1.131 ;
    %jmp T_1.129;
T_1.128 ;
    %load/vec4 v0x55925b93fbe0_0;
    %flag_set/vec4 8;
    %jmp/0xz  T_1.138, 8;
    %load/vec4 v0x55925b940f20_0;
    %flag_set/vec4 8;
    %jmp/0xz  T_1.140, 8;
    %pushi/vec4 0, 0, 1;
    %load/vec4 v0x55925b93fca0_0;
    %concat/vec4; draw_concat_vec4
    %assign/vec4 v0x55925b941fd0_0, 0;
T_1.140 ;
T_1.138 ;
T_1.129 ;
T_1.127 ;
    %jmp T_1;
    .thread T_1;
    .scope S_0x55925b908610;
T_2 ;
    %end;
    .thread T_2;
    .scope S_0x55925b908610;
T_3 ;
    %wait E_0x55925b8e1770;
    %load/vec4 v0x55925b93f180_0;
    %load/vec4 v0x55925b93f240_0;
    %and;
    %flag_set/vec4 8;
    %jmp/0xz  T_3.0, 8;
    %load/vec4 v0x55925b93f0a0_0;
    %load/vec4 v0x55925b93efc0_0;
    %pad/u 5;
    %ix/vec4 3;
    %ix/load 4, 0, 0; Constant delay
    %assign/vec4/a/d v0x55925b93ea00, 0, 4;
T_3.0 ;
    %load/vec4 v0x55925b93ec80_0;
    %load/vec4 v0x55925b93ed40_0;
    %and;
    %flag_set/vec4 8;
    %jmp/0xz  T_3.2, 8;
    %load/vec4 v0x55925b93eba0_0;
    %load/vec4 v0x55925b93eac0_0;
    %pad/u 5;
    %ix/vec4 3;
    %ix/load 4, 0, 0; Constant delay
    %assign/vec4/a/d v0x55925b93ea00, 0, 4;
T_3.2 ;
    %jmp T_3;
    .thread T_3;
    .scope S_0x55925b9061a0;
T_4 ;
    %pushi/vec4 0, 0, 1;
    %store/vec4 v0x55925b944070_0, 0, 1;
T_4.0 ;
    %delay 5000, 0;
    %load/vec4 v0x55925b944070_0;
    %inv;
    %store/vec4 v0x55925b944070_0, 0, 1;
    %jmp T_4.0;
    %jmp T_4;
    .thread T_4;
    .scope S_0x55925b9061a0;
T_5 ;
    %delay 5000, 0;
    %delay 10000, 0;
    %pushi/vec4 1, 0, 1;
    %store/vec4 v0x55925b944550_0, 0, 1;
    %pushi/vec4 0, 0, 1;
    %store/vec4 v0x55925b9446f0_0, 0, 1;
    %pushi/vec4 0, 0, 1;
    %store/vec4 v0x55925b944240_0, 0, 1;
    %pushi/vec4 0, 0, 1;
    %store/vec4 v0x55925b9443b0_0, 0, 1;
    %delay 10000, 0;
    %wait E_0x55925b8e0ea0;
    %pushi/vec4 0, 0, 1;
    %store/vec4 v0x55925b944550_0, 0, 1;
    %pushi/vec4 5, 0, 4;
    %store/vec4 v0x55925b943f60_0, 0, 4;
    %pushi/vec4 6, 0, 32;
    %store/vec4 v0x55925b944620_0, 0, 32;
    %pushi/vec4 1, 0, 1;
    %store/vec4 v0x55925b9446f0_0, 0, 1;
    %pushi/vec4 0, 0, 1;
    %store/vec4 v0x55925b944240_0, 0, 1;
    %pushi/vec4 1, 0, 1;
    %store/vec4 v0x55925b944480_0, 0, 1;
    %pushi/vec4 1, 0, 4;
    %store/vec4 v0x55925b944140_0, 0, 4;
    %wait E_0x55925b8e0ea0;
    %pushi/vec4 0, 0, 4;
    %store/vec4 v0x55925b943f60_0, 0, 4;
    %pushi/vec4 0, 0, 4;
    %store/vec4 v0x55925b944140_0, 0, 4;
    %pushi/vec4 0, 0, 1;
    %store/vec4 v0x55925b9446f0_0, 0, 1;
    %pushi/vec4 0, 0, 1;
    %store/vec4 v0x55925b944240_0, 0, 1;
    %pushi/vec4 0, 0, 32;
    %store/vec4 v0x55925b944620_0, 0, 32;
    %wait E_0x55925b8e0ea0;
    %pushi/vec4 5, 0, 4;
    %store/vec4 v0x55925b943f60_0, 0, 4;
    %pushi/vec4 0, 0, 1;
    %store/vec4 v0x55925b9446f0_0, 0, 1;
    %pushi/vec4 1, 0, 1;
    %store/vec4 v0x55925b944240_0, 0, 1;
    %pushi/vec4 1, 0, 1;
    %store/vec4 v0x55925b9443b0_0, 0, 1;
    %pushi/vec4 1, 0, 1;
    %store/vec4 v0x55925b944480_0, 0, 1;
    %pushi/vec4 1, 0, 4;
    %store/vec4 v0x55925b944140_0, 0, 4;
    %wait E_0x55925b8e0ea0;
    %pushi/vec4 0, 0, 4;
    %store/vec4 v0x55925b943f60_0, 0, 4;
    %pushi/vec4 0, 0, 4;
    %store/vec4 v0x55925b944140_0, 0, 4;
    %pushi/vec4 0, 0, 1;
    %store/vec4 v0x55925b9446f0_0, 0, 1;
    %pushi/vec4 0, 0, 1;
    %store/vec4 v0x55925b944240_0, 0, 1;
    %pushi/vec4 0, 0, 32;
    %store/vec4 v0x55925b944620_0, 0, 32;
    %pushi/vec4 0, 0, 1;
    %store/vec4 v0x55925b9443b0_0, 0, 1;
    %pushi/vec4 0, 0, 1;
    %store/vec4 v0x55925b944480_0, 0, 1;
    %delay 100000, 0;
    %vpi_call 2 68 "$finish" {0 0 0};
    %end;
    .thread T_5;
    .scope S_0x55925b9061a0;
T_6 ;
    %vpi_call 2 73 "$dumpfile", "top_dump.vcd" {0 0 0};
    %vpi_call 2 74 "$dumpvars", 32'sb00000000000000000000000000000000, S_0x55925b9061a0 {0 0 0};
    %end;
    .thread T_6;
# The file index is used to find the file name in the following table.
:file_names 4;
    "N/A";
    "<interactive>";
    "tb_normal.v";
    "./Top.v";
