2022.06.10 09:42:22 INFO  tracing is disabled for protocol LSP, to enable tracing of incoming and outgoing JSON messages create an empty file at /home/bhilare/omkar/experiments_chisel/example_2/.metals/lsp.trace.json or /home/bhilare/.cache/metals/lsp.trace.json[0m
2022.06.10 09:42:23 INFO  logging to file /home/bhilare/omkar/experiments_chisel/example_2/.metals/metals.log[0m
2022.06.10 09:42:23 INFO  Started: Metals version 0.11.6 in workspace '/home/bhilare/omkar/experiments_chisel/example_2' for client Visual Studio Code 1.67.2.[0m
2022.06.10 09:42:23 INFO  time: initialize in 0.64s[0m
2022.06.10 09:42:23 WARN  Flyway upgrade recommended: H2 2.1.212 is newer than this version of Flyway and support has not been tested. The latest supported version of H2 is 2.1.210.[0m
2022.06.10 09:42:23 WARN  Build server is not auto-connectable.[0m
2022.06.10 09:52:40 WARN  no build target for: /home/bhilare/omkar/experiments_chisel/example_2/src/main/scala/fsm_comm.scala[0m
2022.06.10 09:52:42 INFO  no build target found for /home/bhilare/omkar/experiments_chisel/example_2/src/main/scala/fsm_comm.scala. Using presentation compiler with project's scala-library version: 3.1.2[0m
2022.06.10 09:52:42 WARN  no build target for: /home/bhilare/omkar/experiments_chisel/example_2/src/test/scala/fsm_test.scala[0m
2022.06.10 09:52:44 INFO  time: code lens generation in 1.11s[0m
2022.06.10 09:52:44 INFO  time: code lens generation in 3.44s[0m
2022.06.10 09:54:19 WARN  no build target for: /home/bhilare/omkar/experiments_chisel/example_2/src/main/scala/fsm_comm.scala[0m
2022.06.10 09:54:21 WARN  no build target for: /home/bhilare/omkar/experiments_chisel/example_2/src/main/scala/fsm_comm.scala[0m
Jun 10, 2022 9:54:28 AM org.eclipse.lsp4j.jsonrpc.RemoteEndpoint handleCancellation
WARNING: Unmatched cancel notification for request id 268
Jun 10, 2022 9:55:42 AM org.eclipse.lsp4j.jsonrpc.RemoteEndpoint handleCancellation
WARNING: Unmatched cancel notification for request id 500
2022.06.10 09:55:49 WARN  no build target for: /home/bhilare/omkar/experiments_chisel/example_2/src/main/scala/fsm_comm.scala[0m
2022.06.10 09:56:27 WARN  no build target for: /home/bhilare/omkar/experiments_chisel/example_2/src/main/scala/fsm_comm.scala[0m
2022.06.10 09:56:53 WARN  no build target for: /home/bhilare/omkar/experiments_chisel/example_2/src/main/scala/fsm_comm.scala[0m
Jun 10, 2022 9:57:03 AM org.eclipse.lsp4j.jsonrpc.RemoteEndpoint handleCancellation
WARNING: Unmatched cancel notification for request id 898
2022.06.10 09:57:08 WARN  no build target for: /home/bhilare/omkar/experiments_chisel/example_2/src/main/scala/fsm_comm.scala[0m
2022.06.10 10:02:12 WARN  no build target for: /home/bhilare/omkar/experiments_chisel/example_2/src/test/scala/fsm_test.scala[0m
2022.06.10 10:02:12 WARN  no build target for: /home/bhilare/omkar/experiments_chisel/example_2/src/test/scala/fsm_test.scala[0m
2022.06.10 10:02:23 WARN  no build target for: /home/bhilare/omkar/experiments_chisel/example_2/src/test/scala/fsm_test.scala[0m
2022.06.10 10:02:47 WARN  no build target for: /home/bhilare/omkar/experiments_chisel/example_2/src/main/scala/fsm_comm.scala[0m
2022.06.10 10:02:50 WARN  no build target for: /home/bhilare/omkar/experiments_chisel/example_2/src/test/scala/fsm_test.scala[0m
2022.06.10 10:03:00 WARN  no build target for: /home/bhilare/omkar/experiments_chisel/example_2/src/test/scala/fsm_test.scala[0m
2022.06.10 10:03:28 WARN  no build target for: /home/bhilare/omkar/experiments_chisel/example_2/build.sbt[0m
2022.06.10 10:03:29 WARN  no build target for: /home/bhilare/omkar/experiments_chisel/example_2/build.sbt[0m
2022.06.10 10:03:31 WARN  no build target for: /home/bhilare/omkar/experiments_chisel/example_2/src/main/scala/fsm_comm.scala[0m
2022.06.10 10:04:58 WARN  no build target for: /home/bhilare/omkar/experiments_chisel/example_2/src/main/scala/fsm_comm.scala[0m
2022.06.10 10:05:51 WARN  no build target for: /home/bhilare/omkar/experiments_chisel/example_2/src/main/scala/fsm_comm.scala[0m
2022.06.10 10:06:11 WARN  no build target for: /home/bhilare/omkar/experiments_chisel/example_2/src/main/scala/fsm_comm.scala[0m
2022.06.10 10:06:29 WARN  no build target for: /home/bhilare/omkar/experiments_chisel/example_2/src/main/scala/fsm_comm.scala[0m
2022.06.10 10:06:37 WARN  no build target for: /home/bhilare/omkar/experiments_chisel/example_2/src/main/scala/fsm_comm.scala[0m
2022.06.10 10:07:00 WARN  no build target for: /home/bhilare/omkar/experiments_chisel/example_2/src/main/scala/fsm_comm.scala[0m
2022.06.10 10:09:03 WARN  no build target for: /home/bhilare/omkar/experiments_chisel/example_2/src/test/scala/fsm_test.scala[0m
2022.06.10 10:12:23 WARN  no build target for: /home/bhilare/omkar/experiments_chisel/example_2/src/test/scala/fsm_test.scala[0m
2022.06.10 10:13:24 WARN  no build target for: /home/bhilare/omkar/experiments_chisel/example_2/src/test/scala/fsm_test.scala[0m
2022.06.10 10:18:27 WARN  no build target for: /home/bhilare/omkar/experiments_chisel/example_2/src/main/scala/fsm_comm.scala[0m
2022.06.10 10:18:27 WARN  no build target for: /home/bhilare/omkar/experiments_chisel/example_2/src/main/scala/fsm_comm.scala[0m
2022.06.10 10:18:28 WARN  no build target for: /home/bhilare/omkar/experiments_chisel/example_2/src/main/scala/fsm_comm.scala[0m
2022.06.10 10:18:31 WARN  no build target for: /home/bhilare/omkar/experiments_chisel/example_2/src/test/scala/fsm_test.scala[0m
2022.06.10 10:18:40 WARN  no build target for: /home/bhilare/omkar/experiments_chisel/example_2/src/main/scala/examples/fsm_comm.scala[0m
2022.06.10 10:18:49 WARN  no build target for: /home/bhilare/omkar/experiments_chisel/example_2/src/test/scala/examples/fsm_test.scala[0m
Jun 10, 2022 10:37:54 AM org.eclipse.lsp4j.jsonrpc.services.GenericEndpoint notify
INFO: Unsupported notification method: $/setTrace
2022.06.10 10:38:56 WARN  no build target for: /home/bhilare/omkar/experiments_chisel/example_2/src/main/scala/examples/fsm_comm.scala[0m
2022.06.10 10:43:49 WARN  no build target for: /home/bhilare/omkar/experiments_chisel/example_2/src/test/scala/examples/fsm_test.scala[0m
2022.06.10 10:44:05 WARN  no build target for: /home/bhilare/omkar/experiments_chisel/example_2/build.sbt[0m
2022.06.10 10:46:03 WARN  no build target for: /home/bhilare/omkar/experiments_chisel/example_2/build.sbt[0m
2022.06.10 10:46:03 INFO  skipping build import with status 'Dismissed'[0m
2022.06.10 10:46:18 WARN  no build target for: /home/bhilare/omkar/experiments_chisel/example_2/build.sbt[0m
2022.06.10 10:46:18 WARN  no build target for: /home/bhilare/omkar/experiments_chisel/example_2/build.sbt[0m
2022.06.10 10:47:07 WARN  no build target for: /home/bhilare/omkar/experiments_chisel/example_2/src/test/scala/examples/fsm_test.scala[0m
2022.06.10 10:47:10 WARN  no build target for: /home/bhilare/omkar/experiments_chisel/example_2/src/test/scala/examples/fsm_test.scala[0m
2022.06.10 10:56:39 WARN  no build target for: /home/bhilare/omkar/experiments_chisel/example_2/build.sbt[0m
2022.06.10 10:57:59 WARN  no build target for: /home/bhilare/omkar/experiments_chisel/example_2/build.sbt[0m
2022.06.10 10:57:59 INFO  skipping build import with status 'Dismissed'[0m
2022.06.10 10:59:49 WARN  no build target for: /home/bhilare/omkar/experiments_chisel/example_2/src/main/scala/examples/fsm_comm.scala[0m
2022.06.10 11:02:53 WARN  no build target for: /home/bhilare/omkar/experiments_chisel/example_2/src/main/scala/examples/fsm_comm.scala[0m
2022.06.10 11:03:02 WARN  no build target for: /home/bhilare/omkar/experiments_chisel/example_2/src/main/scala/examples/fsm_comm.scala[0m
2022.06.10 11:03:04 WARN  no build target for: /home/bhilare/omkar/experiments_chisel/example_2/src/main/scala/examples/fsm_comm.scala[0m
2022.06.10 11:05:14 WARN  no build target for: /home/bhilare/omkar/experiments_chisel/example_2/src/main/scala/examples/fsm_comm.scala[0m
2022.06.10 11:07:29 WARN  no build target for: /home/bhilare/omkar/experiments_chisel/example_2/src/main/scala/examples/fsm_comm.scala[0m
2022.06.10 11:08:20 WARN  no build target for: /home/bhilare/omkar/experiments_chisel/example_2/src/main/scala/examples/fsm_comm.scala[0m
2022.06.10 11:09:08 WARN  no build target for: /home/bhilare/omkar/experiments_chisel/example_2/src/main/scala/examples/fsm_comm.scala[0m
2022.06.10 11:11:15 WARN  no build target for: /home/bhilare/omkar/experiments_chisel/example_2/src/main/scala/examples/fsm_comm.scala[0m
2022.06.10 11:14:13 WARN  no build target for: /home/bhilare/omkar/experiments_chisel/example_2/src/main/scala/examples/fsm_comm.scala[0m
2022.06.10 11:21:04 WARN  no build target for: /home/bhilare/omkar/experiments_chisel/example_2/src/main/scala/examples/fsm_comm.scala[0m
2022.06.10 11:21:31 WARN  no build target for: /home/bhilare/omkar/experiments_chisel/example_2/src/main/scala/examples/fsm_comm.scala[0m
2022.06.10 11:21:46 WARN  no build target for: /home/bhilare/omkar/experiments_chisel/example_2/src/main/scala/examples/fsm_comm.scala[0m
2022.06.10 11:40:08 WARN  no build target for: /home/bhilare/omkar/experiments_chisel/example_2/src/main/scala/examples/fsm_comm.scala[0m
2022.06.10 11:40:08 WARN  no build target for: /home/bhilare/omkar/experiments_chisel/example_2/src/main/scala/examples/fsm_comm.scala[0m
2022.06.10 11:40:08 WARN  no build target for: /home/bhilare/omkar/experiments_chisel/example_2/src/main/scala/examples/fsm_comm.scala[0m
2022.06.10 11:40:15 WARN  no build target for: /home/bhilare/omkar/experiments_chisel/example_2/build.sbt[0m
2022.06.10 11:40:15 INFO  skipping build import with status 'Requested'[0m
2022.06.10 11:41:12 WARN  no build target for: /home/bhilare/omkar/experiments_chisel/example_2/src/main/scala/examples/fsm_comm.scala[0m
2022.06.10 11:41:12 WARN  no build target for: /home/bhilare/omkar/experiments_chisel/example_2/src/main/scala/examples/fsm_comm.scala[0m
2022.06.10 11:41:12 WARN  no build target for: /home/bhilare/omkar/experiments_chisel/example_2/src/main/scala/examples/fsm_comm.scala[0m
2022.06.10 11:41:13 WARN  no build target for: /home/bhilare/omkar/experiments_chisel/example_2/src/main/scala/examples/fsm_comm.scala[0m
2022.06.10 11:41:12 WARN  no build target for: /home/bhilare/omkar/experiments_chisel/example_2/src/main/scala/examples/fsm_comm.scala[0m
2022.06.10 11:41:13 WARN  no build target for: /home/bhilare/omkar/experiments_chisel/example_2/src/main/scala/examples/fsm_comm.scala[0m
2022.06.10 11:41:13 WARN  no build target for: /home/bhilare/omkar/experiments_chisel/example_2/src/main/scala/examples/fsm_comm.scala[0m
2022.06.10 12:04:03 WARN  no build target for: /home/bhilare/omkar/experiments_chisel/example_2/src/main/scala/examples/fsm_comm.scala[0m
2022.06.10 12:05:13 WARN  no build target for: /home/bhilare/omkar/experiments_chisel/example_2/src/main/scala/examples/fsm_comm.scala[0m
2022.06.10 12:07:34 WARN  no build target for: /home/bhilare/omkar/experiments_chisel/example_2/src/main/scala/examples/fsm_comm.scala[0m
2022.06.10 13:58:05 WARN  no build target for: /home/bhilare/omkar/experiments_chisel/example_2/src/main/scala/examples/fsm_comm.scala[0m
2022.06.10 13:58:35 WARN  no build target for: /home/bhilare/omkar/experiments_chisel/example_2/src/main/scala/examples/fsm_comm.scala[0m
2022.06.10 14:00:23 WARN  no build target for: /home/bhilare/omkar/experiments_chisel/example_2/src/main/scala/examples/fsm_comm.scala[0m
2022.06.10 14:00:36 WARN  no build target for: /home/bhilare/omkar/experiments_chisel/example_2/src/main/scala/examples/fsm_comm.scala[0m
2022.06.10 14:00:52 WARN  no build target for: /home/bhilare/omkar/experiments_chisel/example_2/src/main/scala/examples/fsm_comm.scala[0m
2022.06.10 14:01:13 WARN  no build target for: /home/bhilare/omkar/experiments_chisel/example_2/src/main/scala/examples/fsm_comm.scala[0m
2022.06.10 14:03:30 WARN  no build target for: /home/bhilare/omkar/experiments_chisel/example_2/src/main/scala/examples/fsm_comm.scala[0m
2022.06.10 15:04:37 WARN  no build target for: /home/bhilare/omkar/experiments_chisel/example_2/src/main/scala/examples/fsm_comm.scala[0m
2022.06.10 15:04:54 WARN  no build target for: /home/bhilare/omkar/experiments_chisel/example_2/src/main/scala/examples/fsm_comm.scala[0m
2022.06.10 15:05:22 WARN  no build target for: /home/bhilare/omkar/experiments_chisel/example_2/src/main/scala/examples/fsm_comm.scala[0m
2022.06.10 15:05:52 WARN  no build target for: /home/bhilare/omkar/experiments_chisel/example_2/src/main/scala/examples/fsm_comm.scala[0m
2022.06.10 15:06:08 WARN  no build target for: /home/bhilare/omkar/experiments_chisel/example_2/src/main/scala/examples/fsm_comm.scala[0m
2022.06.10 15:06:23 WARN  no build target for: /home/bhilare/omkar/experiments_chisel/example_2/src/main/scala/examples/fsm_comm.scala[0m
2022.06.10 15:06:28 WARN  no build target for: /home/bhilare/omkar/experiments_chisel/example_2/src/main/scala/examples/fsm_comm.scala[0m
2022.06.10 15:06:49 WARN  no build target for: /home/bhilare/omkar/experiments_chisel/example_2/src/main/scala/examples/fsm_comm.scala[0m
2022.06.10 15:07:08 WARN  no build target for: /home/bhilare/omkar/experiments_chisel/example_2/src/main/scala/examples/fsm_comm.scala[0m
2022.06.10 15:07:19 WARN  no build target for: /home/bhilare/omkar/experiments_chisel/example_2/src/main/scala/examples/fsm_comm.scala[0m
2022.06.10 15:07:38 WARN  no build target for: /home/bhilare/omkar/experiments_chisel/example_2/src/main/scala/examples/fsm_comm.scala[0m
2022.06.10 15:08:44 WARN  no build target for: /home/bhilare/omkar/experiments_chisel/example_2/src/main/scala/examples/fsm_comm.scala[0m
2022.06.10 15:09:21 WARN  no build target for: /home/bhilare/omkar/experiments_chisel/example_2/src/main/scala/examples/fsm_comm.scala[0m
2022.06.10 15:09:59 WARN  no build target for: /home/bhilare/omkar/experiments_chisel/example_2/src/main/scala/examples/fsm_comm.scala[0m
2022.06.10 15:10:23 WARN  no build target for: /home/bhilare/omkar/experiments_chisel/example_2/src/main/scala/examples/fsm_comm.scala[0m
2022.06.10 15:10:39 WARN  no build target for: /home/bhilare/omkar/experiments_chisel/example_2/src/main/scala/examples/fsm_comm.scala[0m
2022.06.10 15:11:30 WARN  no build target for: /home/bhilare/omkar/experiments_chisel/example_2/src/main/scala/examples/fsm_comm.scala[0m
2022.06.10 15:17:51 WARN  no build target for: /home/bhilare/omkar/experiments_chisel/example_2/src/test/scala/examples/fsm_test.scala[0m
2022.06.10 15:18:17 WARN  no build target for: /home/bhilare/omkar/experiments_chisel/example_2/src/main/scala/examples/fsm_comm.scala[0m
Jun 10, 2022 3:18:48 PM org.eclipse.lsp4j.jsonrpc.RemoteEndpoint fallbackResponseError
SEVERE: Internal error: java.lang.reflect.InvocationTargetException
java.lang.RuntimeException: java.lang.reflect.InvocationTargetException
	at org.eclipse.lsp4j.jsonrpc.services.GenericEndpoint.lambda$null$0(GenericEndpoint.java:67)
	at org.eclipse.lsp4j.jsonrpc.services.GenericEndpoint.request(GenericEndpoint.java:120)
	at org.eclipse.lsp4j.jsonrpc.RemoteEndpoint.handleRequest(RemoteEndpoint.java:261)
	at org.eclipse.lsp4j.jsonrpc.RemoteEndpoint.consume(RemoteEndpoint.java:190)
	at org.eclipse.lsp4j.jsonrpc.json.StreamMessageProducer.handleMessage(StreamMessageProducer.java:194)
	at org.eclipse.lsp4j.jsonrpc.json.StreamMessageProducer.listen(StreamMessageProducer.java:94)
	at org.eclipse.lsp4j.jsonrpc.json.ConcurrentMessageProcessor.run(ConcurrentMessageProcessor.java:113)
	at java.base/java.util.concurrent.Executors$RunnableAdapter.call(Executors.java:515)
	at java.base/java.util.concurrent.FutureTask.run(FutureTask.java:264)
	at java.base/java.util.concurrent.ThreadPoolExecutor.runWorker(ThreadPoolExecutor.java:1128)
	at java.base/java.util.concurrent.ThreadPoolExecutor$Worker.run(ThreadPoolExecutor.java:628)
	at java.base/java.lang.Thread.run(Thread.java:829)
Caused by: java.lang.reflect.InvocationTargetException
	at jdk.internal.reflect.GeneratedMethodAccessor3.invoke(Unknown Source)
	at java.base/jdk.internal.reflect.DelegatingMethodAccessorImpl.invoke(DelegatingMethodAccessorImpl.java:43)
	at java.base/java.lang.reflect.Method.invoke(Method.java:566)
	at org.eclipse.lsp4j.jsonrpc.services.GenericEndpoint.lambda$null$0(GenericEndpoint.java:65)
	... 11 more
Caused by: java.lang.IllegalArgumentException: 11 is not a valid line number, allowed [0..10]
	at scala.meta.internal.inputs.InternalInput.lineToOffset(InternalInput.scala:37)
	at scala.meta.internal.inputs.InternalInput.lineToOffset$(InternalInput.scala:32)
	at scala.meta.inputs.Input$VirtualFile.lineToOffset(Input.scala:80)
	at scala.meta.inputs.Position$Range$.apply(Position.scala:59)
	at scala.meta.internal.mtags.MtagsEnrichments$XtensionPositionLspInverse.toMeta(MtagsEnrichments.scala:179)
	at scala.meta.internal.parsing.Trees.$anonfun$findLastEnclosingAt$4(Trees.scala:76)
	at scala.Option.flatMap(Option.scala:283)
	at scala.meta.internal.parsing.Trees.findLastEnclosingAt(Trees.scala:75)
	at scala.meta.internal.metals.codeactions.PatternMatchRefactor.contribute(PatternMatchRefactor.scala:96)
	at scala.meta.internal.metals.CodeActionProvider$$anonfun$1.applyOrElse(CodeActionProvider.scala:64)
	at scala.meta.internal.metals.CodeActionProvider$$anonfun$1.applyOrElse(CodeActionProvider.scala:63)
	at scala.collection.immutable.List.collect(List.scala:275)
	at scala.meta.internal.metals.CodeActionProvider.codeActions(CodeActionProvider.scala:63)
	at scala.meta.internal.metals.MetalsLanguageServer.$anonfun$codeAction$1(MetalsLanguageServer.scala:1649)
	at scala.meta.internal.metals.CancelTokens$.future(CancelTokens.scala:38)
	at scala.meta.internal.metals.MetalsLanguageServer.codeAction(MetalsLanguageServer.scala:1648)
	... 15 more

Jun 10, 2022 3:18:49 PM org.eclipse.lsp4j.jsonrpc.RemoteEndpoint fallbackResponseError
SEVERE: Internal error: java.lang.reflect.InvocationTargetException
java.lang.RuntimeException: java.lang.reflect.InvocationTargetException
	at org.eclipse.lsp4j.jsonrpc.services.GenericEndpoint.lambda$null$0(GenericEndpoint.java:67)
	at org.eclipse.lsp4j.jsonrpc.services.GenericEndpoint.request(GenericEndpoint.java:120)
	at org.eclipse.lsp4j.jsonrpc.RemoteEndpoint.handleRequest(RemoteEndpoint.java:261)
	at org.eclipse.lsp4j.jsonrpc.RemoteEndpoint.consume(RemoteEndpoint.java:190)
	at org.eclipse.lsp4j.jsonrpc.json.StreamMessageProducer.handleMessage(StreamMessageProducer.java:194)
	at org.eclipse.lsp4j.jsonrpc.json.StreamMessageProducer.listen(StreamMessageProducer.java:94)
	at org.eclipse.lsp4j.jsonrpc.json.ConcurrentMessageProcessor.run(ConcurrentMessageProcessor.java:113)
	at java.base/java.util.concurrent.Executors$RunnableAdapter.call(Executors.java:515)
	at java.base/java.util.concurrent.FutureTask.run(FutureTask.java:264)
	at java.base/java.util.concurrent.ThreadPoolExecutor.runWorker(ThreadPoolExecutor.java:1128)
	at java.base/java.util.concurrent.ThreadPoolExecutor$Worker.run(ThreadPoolExecutor.java:628)
	at java.base/java.lang.Thread.run(Thread.java:829)
Caused by: java.lang.reflect.InvocationTargetException
	at jdk.internal.reflect.GeneratedMethodAccessor3.invoke(Unknown Source)
	at java.base/jdk.internal.reflect.DelegatingMethodAccessorImpl.invoke(DelegatingMethodAccessorImpl.java:43)
	at java.base/java.lang.reflect.Method.invoke(Method.java:566)
	at org.eclipse.lsp4j.jsonrpc.services.GenericEndpoint.lambda$null$0(GenericEndpoint.java:65)
	... 11 more
Caused by: java.lang.IllegalArgumentException: 11 is not a valid line number, allowed [0..10]
	at scala.meta.internal.inputs.InternalInput.lineToOffset(InternalInput.scala:37)
	at scala.meta.internal.inputs.InternalInput.lineToOffset$(InternalInput.scala:32)
	at scala.meta.inputs.Input$VirtualFile.lineToOffset(Input.scala:80)
	at scala.meta.inputs.Position$Range$.apply(Position.scala:59)
	at scala.meta.internal.mtags.MtagsEnrichments$XtensionPositionLspInverse.toMeta(MtagsEnrichments.scala:179)
	at scala.meta.internal.parsing.Trees.$anonfun$findLastEnclosingAt$4(Trees.scala:76)
	at scala.Option.flatMap(Option.scala:283)
	at scala.meta.internal.parsing.Trees.findLastEnclosingAt(Trees.scala:75)
	at scala.meta.internal.metals.codeactions.PatternMatchRefactor.contribute(PatternMatchRefactor.scala:96)
	at scala.meta.internal.metals.CodeActionProvider$$anonfun$1.applyOrElse(CodeActionProvider.scala:64)
	at scala.meta.internal.metals.CodeActionProvider$$anonfun$1.applyOrElse(CodeActionProvider.scala:63)
	at scala.collection.immutable.List.collect(List.scala:275)
	at scala.meta.internal.metals.CodeActionProvider.codeActions(CodeActionProvider.scala:63)
	at scala.meta.internal.metals.MetalsLanguageServer.$anonfun$codeAction$1(MetalsLanguageServer.scala:1649)
	at scala.meta.internal.metals.CancelTokens$.future(CancelTokens.scala:38)
	at scala.meta.internal.metals.MetalsLanguageServer.codeAction(MetalsLanguageServer.scala:1648)
	... 15 more

2022.06.10 15:18:54 WARN  no build target for: /home/bhilare/omkar/experiments_chisel/example_2/src/test/scala/examples/fsm_test.scala[0m
2022.06.10 15:20:37 WARN  no build target for: /home/bhilare/omkar/experiments_chisel/example_2/build.sbt[0m
2022.06.10 15:21:54 WARN  no build target for: /home/bhilare/omkar/experiments_chisel/example_2/src/test/scala/examples/fsm_test.scala[0m
2022.06.10 15:22:07 WARN  no build target for: /home/bhilare/omkar/experiments_chisel/example_2/src/test/scala/examples/fsm_test.scala[0m
2022.06.10 15:22:09 WARN  no build target for: /home/bhilare/omkar/experiments_chisel/example_2/src/test/scala/examples/fsm_test.scala[0m
2022.06.10 15:22:10 WARN  no build target for: /home/bhilare/omkar/experiments_chisel/example_2/src/test/scala/examples/fsm_test.scala[0m
2022.06.10 15:22:12 WARN  no build target for: /home/bhilare/omkar/experiments_chisel/example_2/src/test/scala/examples/fsm_test.scala[0m
2022.06.10 15:22:13 WARN  no build target for: /home/bhilare/omkar/experiments_chisel/example_2/src/test/scala/examples/fsm_test.scala[0m
2022.06.10 15:26:29 WARN  no build target for: /home/bhilare/omkar/experiments_chisel/example_2/src/main/scala/examples/fsm_comm.scala[0m
2022.06.10 15:26:53 WARN  no build target for: /home/bhilare/omkar/experiments_chisel/example_2/src/main/scala/examples/fsm_comm.scala[0m
2022.06.10 15:27:42 WARN  no build target for: /home/bhilare/omkar/experiments_chisel/example_2/src/main/scala/examples/fsm_comm.scala[0m
2022.06.10 15:27:50 WARN  no build target for: /home/bhilare/omkar/experiments_chisel/example_2/src/main/scala/examples/fsm_comm.scala[0m
2022.06.10 15:28:20 WARN  no build target for: /home/bhilare/omkar/experiments_chisel/example_2/src/main/scala/examples/fsm_comm.scala[0m
2022.06.10 15:28:39 WARN  no build target for: /home/bhilare/omkar/experiments_chisel/example_2/src/main/scala/examples/fsm_comm.scala[0m
2022.06.10 15:30:37 WARN  no build target for: /home/bhilare/omkar/experiments_chisel/example_2/src/main/scala/examples/fsm_comm.scala[0m
Jun 10, 2022 3:30:49 PM org.eclipse.lsp4j.jsonrpc.RemoteEndpoint handleCancellation
WARNING: Unmatched cancel notification for request id 5018
2022.06.10 15:31:02 WARN  no build target for: /home/bhilare/omkar/experiments_chisel/example_2/src/main/scala/examples/fsm_comm.scala[0m
2022.06.10 15:31:07 WARN  no build target for: /home/bhilare/omkar/experiments_chisel/example_2/src/main/scala/examples/fsm_comm.scala[0m
2022.06.10 15:31:14 WARN  no build target for: /home/bhilare/omkar/experiments_chisel/example_2/src/main/scala/examples/fsm_comm.scala[0m
2022.06.10 15:32:46 WARN  no build target for: /home/bhilare/omkar/experiments_chisel/example_2/src/main/scala/examples/fsm_comm.scala[0m
2022.06.10 15:32:54 WARN  no build target for: /home/bhilare/omkar/experiments_chisel/example_2/src/main/scala/examples/fsm_comm.scala[0m
2022.06.10 15:33:34 WARN  no build target for: /home/bhilare/omkar/experiments_chisel/example_2/src/main/scala/examples/fsm_comm.scala[0m
2022.06.10 15:51:14 WARN  no build target for: /home/bhilare/omkar/experiments_chisel/example_2/src/main/scala/examples/fsm_comm.scala[0m
2022.06.10 15:51:14 WARN  no build target for: /home/bhilare/omkar/experiments_chisel/example_2/src/main/scala/examples/fsm_comm.scala[0m
2022.06.10 15:51:25 WARN  no build target for: /home/bhilare/omkar/experiments_chisel/example_2/src/main/scala/examples/fsm_comm.scala[0m
2022.06.10 15:51:29 WARN  no build target for: /home/bhilare/omkar/experiments_chisel/example_2/src/main/scala/examples/fsm_comm.scala[0m
2022.06.10 15:51:29 WARN  no build target for: /home/bhilare/omkar/experiments_chisel/example_2/src/main/scala/examples/fsm_comm.scala[0m
2022.06.10 15:51:32 WARN  no build target for: /home/bhilare/omkar/experiments_chisel/example_2/src/main/scala/examples/fsm_comm.scala[0m
2022.06.10 15:51:32 WARN  no build target for: /home/bhilare/omkar/experiments_chisel/example_2/src/main/scala/examples/fsm_comm.scala[0m
2022.06.10 15:51:32 WARN  no build target for: /home/bhilare/omkar/experiments_chisel/example_2/src/main/scala/examples/fsm_comm.scala[0m
2022.06.10 15:51:36 WARN  no build target for: /home/bhilare/omkar/experiments_chisel/example_2/src/main/scala/examples/fsm_comm.scala[0m
2022.06.10 15:51:38 WARN  no build target for: /home/bhilare/omkar/experiments_chisel/example_2/src/main/scala/examples/fsm_comm.scala[0m
2022.06.10 15:51:39 WARN  no build target for: /home/bhilare/omkar/experiments_chisel/example_2/src/main/scala/examples/fsm_comm.scala[0m
2022.06.10 15:51:39 WARN  no build target for: /home/bhilare/omkar/experiments_chisel/example_2/src/main/scala/examples/fsm_comm.scala[0m
2022.06.10 15:51:42 WARN  no build target for: /home/bhilare/omkar/experiments_chisel/example_2/src/main/scala/examples/fsm_comm.scala[0m
2022.06.10 15:52:00 WARN  no build target for: /home/bhilare/omkar/experiments_chisel/example_2/src/main/scala/examples/fsm_comm.scala[0m
2022.06.10 15:52:04 WARN  no build target for: /home/bhilare/omkar/experiments_chisel/example_2/src/main/scala/examples/fsm_comm.scala[0m
2022.06.10 15:52:18 WARN  no build target for: /home/bhilare/omkar/experiments_chisel/example_2/src/main/scala/examples/fsm_comm.scala[0m
2022.06.10 15:53:57 WARN  no build target for: /home/bhilare/omkar/experiments_chisel/example_2/src/main/scala/examples/fsm_comm.scala[0m
2022.06.10 15:54:18 WARN  no build target for: /home/bhilare/omkar/experiments_chisel/example_2/src/main/scala/examples/fsm_comm.scala[0m
2022.06.10 15:54:18 WARN  no build target for: /home/bhilare/omkar/experiments_chisel/example_2/src/main/scala/examples/fsm_comm.scala[0m
2022.06.10 15:54:32 WARN  no build target for: /home/bhilare/omkar/experiments_chisel/example_2/src/main/scala/examples/fsm_comm.scala[0m
2022.06.10 15:54:55 WARN  no build target for: /home/bhilare/omkar/experiments_chisel/example_2/src/main/scala/examples/fsm_comm.scala[0m
2022.06.10 15:55:29 WARN  no build target for: /home/bhilare/omkar/experiments_chisel/example_2/src/main/scala/examples/fsm_comm.scala[0m
2022.06.10 16:00:40 WARN  no build target for: /home/bhilare/omkar/experiments_chisel/example_2/src/main/scala/examples/fsm_comm.scala[0m
2022.06.10 16:00:43 WARN  no build target for: /home/bhilare/omkar/experiments_chisel/example_2/src/main/scala/examples/fsm_comm.scala[0m
2022.06.10 16:00:44 WARN  no build target for: /home/bhilare/omkar/experiments_chisel/example_2/src/main/scala/examples/fsm_comm.scala[0m
2022.06.10 16:00:44 WARN  no build target for: /home/bhilare/omkar/experiments_chisel/example_2/src/main/scala/examples/fsm_comm.scala[0m
2022.06.10 16:00:44 WARN  no build target for: /home/bhilare/omkar/experiments_chisel/example_2/src/main/scala/examples/fsm_comm.scala[0m
2022.06.10 16:00:44 WARN  no build target for: /home/bhilare/omkar/experiments_chisel/example_2/src/main/scala/examples/fsm_comm.scala[0m
2022.06.10 16:00:45 WARN  no build target for: /home/bhilare/omkar/experiments_chisel/example_2/src/main/scala/examples/fsm_comm.scala[0m
2022.06.10 16:00:45 WARN  no build target for: /home/bhilare/omkar/experiments_chisel/example_2/src/main/scala/examples/fsm_comm.scala[0m
Jun 10, 2022 4:00:45 PM org.eclipse.lsp4j.jsonrpc.RemoteEndpoint handleCancellation
WARNING: Unmatched cancel notification for request id 6733
2022.06.10 16:00:45 WARN  no build target for: /home/bhilare/omkar/experiments_chisel/example_2/src/main/scala/examples/fsm_comm.scala[0m
2022.06.10 16:00:44 WARN  no build target for: /home/bhilare/omkar/experiments_chisel/example_2/src/main/scala/examples/fsm_comm.scala[0m
2022.06.10 16:00:45 WARN  no build target for: /home/bhilare/omkar/experiments_chisel/example_2/src/main/scala/examples/fsm_comm.scala[0m
2022.06.10 16:00:46 WARN  no build target for: /home/bhilare/omkar/experiments_chisel/example_2/src/main/scala/examples/fsm_comm.scala[0m
2022.06.10 16:00:46 WARN  no build target for: /home/bhilare/omkar/experiments_chisel/example_2/src/main/scala/examples/fsm_comm.scala[0m
2022.06.10 16:00:45 WARN  no build target for: /home/bhilare/omkar/experiments_chisel/example_2/src/main/scala/examples/fsm_comm.scala[0m
2022.06.10 16:00:46 WARN  no build target for: /home/bhilare/omkar/experiments_chisel/example_2/src/main/scala/examples/fsm_comm.scala[0m
2022.06.10 16:00:47 WARN  no build target for: /home/bhilare/omkar/experiments_chisel/example_2/src/main/scala/examples/fsm_comm.scala[0m
2022.06.10 16:00:47 WARN  no build target for: /home/bhilare/omkar/experiments_chisel/example_2/src/main/scala/examples/fsm_comm.scala[0m
2022.06.10 16:00:46 WARN  no build target for: /home/bhilare/omkar/experiments_chisel/example_2/src/main/scala/examples/fsm_comm.scala[0m
2022.06.10 16:00:47 WARN  no build target for: /home/bhilare/omkar/experiments_chisel/example_2/src/main/scala/examples/fsm_comm.scala[0m
2022.06.10 16:00:47 WARN  no build target for: /home/bhilare/omkar/experiments_chisel/example_2/src/main/scala/examples/fsm_comm.scala[0m
2022.06.10 16:00:48 WARN  no build target for: /home/bhilare/omkar/experiments_chisel/example_2/src/main/scala/examples/fsm_comm.scala[0m
2022.06.10 16:00:48 WARN  no build target for: /home/bhilare/omkar/experiments_chisel/example_2/src/main/scala/examples/fsm_comm.scala[0m
2022.06.10 16:00:48 WARN  no build target for: /home/bhilare/omkar/experiments_chisel/example_2/src/main/scala/examples/fsm_comm.scala[0m
2022.06.10 16:01:14 WARN  no build target for: /home/bhilare/omkar/experiments_chisel/example_2/src/main/scala/examples/fsm_comm.scala[0m
2022.06.10 16:01:14 WARN  no build target for: /home/bhilare/omkar/experiments_chisel/example_2/src/main/scala/examples/fsm_comm.scala[0m
2022.06.10 16:01:20 WARN  no build target for: /home/bhilare/omkar/experiments_chisel/example_2/src/main/scala/examples/fsm_comm.scala[0m
2022.06.10 16:01:31 WARN  no build target for: /home/bhilare/omkar/experiments_chisel/example_2/src/main/scala/examples/fsm_comm.scala[0m
2022.06.10 16:01:31 WARN  no build target for: /home/bhilare/omkar/experiments_chisel/example_2/src/main/scala/examples/fsm_comm.scala[0m
2022.06.10 16:01:38 WARN  no build target for: /home/bhilare/omkar/experiments_chisel/example_2/src/main/scala/examples/fsm_comm.scala[0m
2022.06.10 16:01:49 WARN  no build target for: /home/bhilare/omkar/experiments_chisel/example_2/src/main/scala/examples/fsm_comm.scala[0m
2022.06.10 16:02:19 WARN  no build target for: /home/bhilare/omkar/experiments_chisel/example_2/src/main/scala/examples/fsm_comm.scala[0m
2022.06.10 16:08:08 WARN  no build target for: /home/bhilare/omkar/experiments_chisel/example_2/src/main/scala/examples/fsm_comm.scala[0m
2022.06.10 16:08:11 WARN  no build target for: /home/bhilare/omkar/experiments_chisel/example_2/src/main/scala/examples/fsm_comm.scala[0m
2022.06.10 16:08:11 WARN  no build target for: /home/bhilare/omkar/experiments_chisel/example_2/src/main/scala/examples/fsm_comm.scala[0m
2022.06.10 16:08:12 WARN  no build target for: /home/bhilare/omkar/experiments_chisel/example_2/src/main/scala/examples/fsm_comm.scala[0m
2022.06.10 16:08:11 WARN  no build target for: /home/bhilare/omkar/experiments_chisel/example_2/src/main/scala/examples/fsm_comm.scala[0m
2022.06.10 16:08:11 WARN  no build target for: /home/bhilare/omkar/experiments_chisel/example_2/src/main/scala/examples/fsm_comm.scala[0m
2022.06.10 16:08:25 WARN  no build target for: /home/bhilare/omkar/experiments_chisel/example_2/src/main/scala/examples/fsm_comm.scala[0m
2022.06.10 16:08:25 WARN  no build target for: /home/bhilare/omkar/experiments_chisel/example_2/src/main/scala/examples/fsm_comm.scala[0m
2022.06.10 16:08:25 WARN  no build target for: /home/bhilare/omkar/experiments_chisel/example_2/src/main/scala/examples/fsm_comm.scala[0m
2022.06.10 16:08:25 WARN  no build target for: /home/bhilare/omkar/experiments_chisel/example_2/src/main/scala/examples/fsm_comm.scala[0m
2022.06.10 16:08:29 WARN  no build target for: /home/bhilare/omkar/experiments_chisel/example_2/src/main/scala/examples/fsm_comm.scala[0m
2022.06.10 16:09:10 WARN  no build target for: /home/bhilare/omkar/experiments_chisel/example_2/src/main/scala/examples/fsm_comm.scala[0m
2022.06.10 16:09:50 WARN  no build target for: /home/bhilare/omkar/experiments_chisel/example_2/src/main/scala/examples/fsm_comm.scala[0m
2022.06.10 16:09:54 WARN  no build target for: /home/bhilare/omkar/experiments_chisel/example_2/src/main/scala/examples/fsm_comm.scala[0m
2022.06.10 16:10:19 WARN  no build target for: /home/bhilare/omkar/experiments_chisel/example_2/src/main/scala/examples/fsm_comm.scala[0m
2022.06.10 16:13:02 WARN  no build target for: /home/bhilare/omkar/experiments_chisel/example_2/src/main/scala/examples/fsm_comm.scala[0m
2022.06.10 16:13:07 WARN  no build target for: /home/bhilare/omkar/experiments_chisel/example_2/src/main/scala/examples/fsm_comm.scala[0m
2022.06.10 16:13:53 WARN  no build target for: /home/bhilare/omkar/experiments_chisel/example_2/src/main/scala/examples/fsm_comm.scala[0m
